<testsuite failures="0" name="backend/portability/address.feature" skipped="0" tests="3" time="6.823748">
  <testcase classname="backend.portability.address" name="Validar criação passando método put" time="2.274555">
    <system-out>* def result = callonce read('../../claroApp/authentication/signin.feature@login') { username: 'Net.web', password: 'Net.123' } . passed
* header Authorization = 'Bearer ' + result.idmToken + '@' + '003' + '349338695' . passed
* header X-Application-Key = gwappkey ..................................... passed
* header Content-Type = 'application/json' ................................ passed
* header origin = 'API' ................................................... passed
* url portabilityUrl ...................................................... passed
* def body = .............................................................. passed
* def responseApi = ....................................................... passed
Given path 'phone-address' ................................................ passed
And request body .......................................................... passed
When method put ........................................................... passed
Then status 405 ........................................................... passed
And match response == responseApi ......................................... passed</system-out>
  </testcase>
  <testcase classname="backend.portability.address" name="Validar criação passando método delete" time="2.278288">
    <system-out>* def result = callonce read('../../claroApp/authentication/signin.feature@login') { username: 'Net.web', password: 'Net.123' } . passed
* header Authorization = 'Bearer ' + result.idmToken + '@' + '003' + '349338695' . passed
* header X-Application-Key = gwappkey ..................................... passed
* header Content-Type = 'application/json' ................................ passed
* header origin = 'API' ................................................... passed
* url portabilityUrl ...................................................... passed
* def body = .............................................................. passed
* def responseApi = ....................................................... passed
Given path 'phone-address' ................................................ passed
And request body .......................................................... passed
When method put ........................................................... passed
Then status 405 ........................................................... passed
And match response == responseApi ......................................... passed
* def result = callonce read('../../claroApp/authentication/signin.feature@login') { username: 'Net.web', password: 'Net.123' } . passed
* header Authorization = 'Bearer ' + result.idmToken + '@' + '003' + '349338695' . passed
* header X-Application-Key = gwappkey ..................................... passed
* header Content-Type = 'application/json' ................................ passed
* header origin = 'API' ................................................... passed
* url portabilityUrl ...................................................... passed
* def body = .............................................................. passed
* def responseApi = ....................................................... passed
Given path 'phone-address' ................................................ passed
And request body .......................................................... passed
When method delete ........................................................ passed
Then status 405 ........................................................... passed
And match response == responseApi ......................................... passed</system-out>
  </testcase>
  <testcase classname="backend.portability.address" name="Validar criação passando método get" time="2.270905">
    <system-out>* def result = callonce read('../../claroApp/authentication/signin.feature@login') { username: 'Net.web', password: 'Net.123' } . passed
* header Authorization = 'Bearer ' + result.idmToken + '@' + '003' + '349338695' . passed
* header X-Application-Key = gwappkey ..................................... passed
* header Content-Type = 'application/json' ................................ passed
* header origin = 'API' ................................................... passed
* url portabilityUrl ...................................................... passed
* def body = .............................................................. passed
* def responseApi = ....................................................... passed
Given path 'phone-address' ................................................ passed
And request body .......................................................... passed
When method put ........................................................... passed
Then status 405 ........................................................... passed
And match response == responseApi ......................................... passed
* def result = callonce read('../../claroApp/authentication/signin.feature@login') { username: 'Net.web', password: 'Net.123' } . passed
* header Authorization = 'Bearer ' + result.idmToken + '@' + '003' + '349338695' . passed
* header X-Application-Key = gwappkey ..................................... passed
* header Content-Type = 'application/json' ................................ passed
* header origin = 'API' ................................................... passed
* url portabilityUrl ...................................................... passed
* def body = .............................................................. passed
* def responseApi = ....................................................... passed
Given path 'phone-address' ................................................ passed
And request body .......................................................... passed
When method delete ........................................................ passed
Then status 405 ........................................................... passed
And match response == responseApi ......................................... passed
* def result = callonce read('../../claroApp/authentication/signin.feature@login') { username: 'Net.web', password: 'Net.123' } . passed
* header Authorization = 'Bearer ' + result.idmToken + '@' + '003' + '349338695' . passed
* header X-Application-Key = gwappkey ..................................... passed
* header Content-Type = 'application/json' ................................ passed
* header origin = 'API' ................................................... passed
* url portabilityUrl ...................................................... passed
* def responseApi = ....................................................... passed
Given path 'phone-address' ................................................ passed
When method get ........................................................... passed
Then status 405 ........................................................... passed
And match response == responseApi ......................................... passed</system-out>
  </testcase>
</testsuite>
