<testsuite failures="0" name="claroApp/inventory/deletedevice.feature" skipped="0" tests="1" time="1.447032">
  <testcase classname="claroApp.inventory.deletedevice" name="Validar erro ao enviar application key invalido" time="1.447032">
    <system-out>* def result = callonce read('../../claroApp/authentication/signin.feature@login') . passed
* header Authorization = 'Bearer ' + result.idmToken ...................... passed
* header X-Application-Key = xappkey ...................................... passed
* url inventoryUrl ........................................................ passed
* header X-Application-Key = 'auhdaiuhdaiuhds' ............................ passed
* header document = document .............................................. passed
Given path 'device-management/' + deviceId ................................ passed
When method delete ........................................................ passed
Then status 403 ........................................................... passed</system-out>
  </testcase>
</testsuite>
