<testsuite failures="0" name="claroApp/authentication/signin.feature" skipped="0" tests="1" time="8.478017">
  <testcase classname="claroApp.authentication.signin" name="Login do usuario" time="8.478017">
    <system-out>* header Content-Type = 'application/json' ................................ passed
* header x-application-key = xappkey ...................................... passed
* header gw-app-key = gwappkey ............................................ passed
* header Cache-Control = 'no-cache' ....................................... passed
* url authenticationUrl ................................................... passed
* def body = .............................................................. passed
* replace body.username = username ........................................ passed
* replace body.password = password ........................................ passed
* def responseApi = ....................................................... passed
Given path 'sign-in' ...................................................... passed
And request body .......................................................... passed
When method post .......................................................... passed
Then status 200 ........................................................... passed
And match response == responseApi ......................................... passed
And def idmToken = response.idmToken ...................................... passed
And def userInfo = response.userInfo ...................................... passed
And def idmSID = response.idmSID .......................................... passed</system-out>
  </testcase>
</testsuite>
