<?xml version="1.0" encoding="UTF-8" ?>
<testsuite tests="1" failures="1" name="claroApp.inventory.InventoryRunner" time="12.678" errors="0" skipped="0">
  <properties>
[...]
</properties>
  <testcase classname="claroApp.inventory.InventoryRunner" name="testParallel" time="12.678">
    <failure message="failed features:
claroApp.inventory.putdevice: putdevice.feature:26 - status code was: 405, expected: 204, response time: 951, url: https://qa-gw.claro.com.br/resource-inventory/v1/device-management, response: {&quot;statusCode&quot;:&quot;405&quot;,&quot;status&quot;:&quot;Method Not Allowed&quot;,&quot;description&quot;:&quot;Request method &apos;PUT&apos; not supported&quot;}
" type="java.lang.AssertionError">java.lang.AssertionError: failed features:
claroApp.inventory.putdevice: putdevice.feature:26 - status code was: 405, expected: 204, response time: 951, url: https://qa-gw.claro.com.br/resource-inventory/v1/device-management, response: {&quot;statusCode&quot;:&quot;405&quot;,&quot;status&quot;:&quot;Method Not Allowed&quot;,&quot;description&quot;:&quot;Request method &apos;PUT&apos; not supported&quot;}

	at org.junit.Assert.fail(Assert.java:88)
	at org.junit.Assert.assertTrue(Assert.java:41)
	at claroApp.inventory.InventoryRunner.testParallel(InventoryRunner.java:35)
	at java.base/jdk.internal.reflect.NativeMethodAccessorImpl.invoke0(Native Method)
	at java.base/jdk.internal.reflect.NativeMethodAccessorImpl.invoke(NativeMethodAccessorImpl.java:62)
	at java.base/jdk.internal.reflect.DelegatingMethodAccessorImpl.invoke(DelegatingMethodAccessorImpl.java:43)
	at java.base/java.lang.reflect.Method.invoke(Method.java:566)
	at org.junit.runners.model.FrameworkMethod$1.runReflectiveCall(FrameworkMethod.java:50)
	at org.junit.internal.runners.model.ReflectiveCallable.run(ReflectiveCallable.java:12)
	at org.junit.runners.model.FrameworkMethod.invokeExplosively(FrameworkMethod.java:47)
	at org.junit.internal.runners.statements.InvokeMethod.evaluate(InvokeMethod.java:17)
	at org.junit.runners.ParentRunner.runLeaf(ParentRunner.java:325)
	at org.junit.runners.BlockJUnit4ClassRunner.runChild(BlockJUnit4ClassRunner.java:78)
	at org.junit.runners.BlockJUnit4ClassRunner.runChild(BlockJUnit4ClassRunner.java:57)
	at org.junit.runners.ParentRunner$3.run(ParentRunner.java:290)
	at org.junit.runners.ParentRunner$1.schedule(ParentRunner.java:71)
	at org.junit.runners.ParentRunner.runChildren(ParentRunner.java:288)
	at org.junit.runners.ParentRunner.access$000(ParentRunner.java:58)
	at org.junit.runners.ParentRunner$2.evaluate(ParentRunner.java:268)
	at org.junit.runners.ParentRunner.run(ParentRunner.java:363)
	at org.apache.maven.surefire.junit4.JUnit4Provider.execute(JUnit4Provider.java:252)
	at org.apache.maven.surefire.junit4.JUnit4Provider.executeTestSet(JUnit4Provider.java:141)
	at org.apache.maven.surefire.junit4.JUnit4Provider.invoke(JUnit4Provider.java:112)
	at java.base/jdk.internal.reflect.NativeMethodAccessorImpl.invoke0(Native Method)
	at java.base/jdk.internal.reflect.NativeMethodAccessorImpl.invoke(NativeMethodAccessorImpl.java:62)
	at java.base/jdk.internal.reflect.DelegatingMethodAccessorImpl.invoke(DelegatingMethodAccessorImpl.java:43)
	at java.base/java.lang.reflect.Method.invoke(Method.java:566)
	at org.apache.maven.surefire.util.ReflectionUtils.invokeMethodWithArray(ReflectionUtils.java:189)
	at org.apache.maven.surefire.booter.ProviderFactory$ProviderProxy.invoke(ProviderFactory.java:165)
	at org.apache.maven.surefire.booter.ProviderFactory.invokeProvider(ProviderFactory.java:85)
	at org.apache.maven.surefire.booter.ForkedBooter.runSuitesInProcess(ForkedBooter.java:115)
	at org.apache.maven.surefire.booter.ForkedBooter.main(ForkedBooter.java:75)
</failure>
    <system-out>12:41:43.911 [main] INFO  com.intuit.karate.RunnerOptions - found system property &apos;karate.options&apos;: --tags @putdevice
12:41:44.991 [main] INFO  com.intuit.karate.Runner - Karate version: 0.9.2
12:41:45.671 [ForkJoinPool-1-worker-3] INFO  com.intuit.karate - &gt;&gt; lock acquired, begin callonce: read(&apos;../../claroApp/authentication/signin.feature@login&apos;)
12:41:45.690 [ForkJoinPool-1-worker-3] INFO  com.intuit.karate - scenario called at line: 12 by tag: @login
12:41:46.212 [ForkJoinPool-1-worker-3] DEBUG com.intuit.karate - request:
1 &gt; POST https://qa-gw.claro.com.br/authentication/v1/sign-in
1 &gt; Accept-Encoding: gzip,deflate
1 &gt; Cache-Control: no-cache
1 &gt; Connection: Keep-Alive
1 &gt; Content-Length: 47
1 &gt; Content-Type: application/json; charset=UTF-8
1 &gt; Host: qa-gw.claro.com.br
1 &gt; User-Agent: Apache-HttpClient/4.5.5 (Java/11.0.2)
1 &gt; gw-app-key: e9e24b40c78e013762d7000d3ac06d76
1 &gt; x-application-key: 2251d8c0a94601364c54000d3ac06d76
{&quot;username&quot;:&quot;36512468848&quot;,&quot;password&quot;:&quot;Net.123&quot;}

12:41:53.128 [ForkJoinPool-1-worker-3] DEBUG com.intuit.karate - response time in milliseconds: 6902,25
1 &lt; 200
1 &lt; Access-Control-Allow-Origin: *
1 &lt; Content-Type: application/json;charset=UTF-8
1 &lt; Server: ECD (spb/E517)
1 &lt; Transfer-Encoding: chunked
1 &lt; X-Policy: 200205-02
1 &lt; cache-control: no-store, max-age=0
1 &lt; date: Mon, 10 Feb 2020 14:41:53 GMT
1 &lt; strict-transport-security: max-age=63072000; includeSubDomains
1 &lt; vary: accept-encoding
1 &lt; x-content-type-options: nosniff
1 &lt; x-download-options: noopen
1 &lt; x-frame-options: DENY
1 &lt; x-request-id: cbccc9c31ed6fc8a05cede0e1e6c8bc3bcc1fe54aa37b28f8b2576df10bd42b3
1 &lt; x-xss-protection: 1; mode=block
{&quot;userInfo&quot;:&quot;ahLJVg2FzLA5R1tdLjWPtT/+L8iS7oVlMYh7zFtL1QP8Jiop/u/VCoWpX/SdKk4/gmkQlOsUbeWp9Psejj2acOP1EqIO1oCAbKpOiP7LPRkos4aZh7OjUZxOzR/ZKm3w/l/Igrit20XIJaIhQThy+WNgdC5kpf/VEdUj24aFS460b4BHlJPNfTqBzN9R6FtxM8vOVPg1RnxzE7yrLggDce/VbRCUUslK7AZOXItXGFnBO8EoIIVdhMMMT7qdzxHnS3kNGDmsbzgtJP6FhehF4Dtj1ylh8+dBWZqDoW8Tn5eUkrP6j+G/g7hDrDmZr4Fk2DlFhmLUGqSrPZtNi0Dkv8OL9npsW8gwJdKnhfh+SEzaLhYK2f9E4DBNFf2fjMeGMd8gKDSi8vltEASobAWGoaA1uLoCuBnODCtJNzpJ6XyY+ZAww2w/O0IGN05yaeRQ+YRvEEXG+94WCUqOUzyjObDED07LtOY2FW7U3SEQQffdRA04drupEXjPtKZPKCneyTYAXrznCPoC+7oQ8Tm+szyan4BR4PdFKXpajuGMO+XyJf04QDKfnNXBQM5Ssu9bWFAJ2bFXoH8hOGs0eeTC5UFSMmWXIuTlp77HVpoA5wfSM7Y1DfUrutJoavSZVRLT2lSBYhXV4P7yVdaWs4roMVOpfuTaYCXNjxL5eCxngoXrQ7YLMfAsSy5EhLTd5MY1thKWa3/O9anxD+XFUuKOlLf1pilN4S0CUe6u9AIiWK99XPv8+xuHbIM0MncQqqi2IqSk4a8TbhwacRrNQDNSeg==&quot;,&quot;idmToken&quot;:&quot;8258a6f3366821e6&quot;,&quot;idmSID&quot;:&quot;ce642e46f6d3912e&quot;}

12:41:53.165 [ForkJoinPool-1-worker-3] INFO  com.intuit.karate - &lt;&lt; lock released, cached callonce: read(&apos;../../claroApp/authentication/signin.feature@login&apos;)
12:41:53.181 [ForkJoinPool-1-worker-3] DEBUG com.intuit.karate - request:
1 &gt; PUT https://qa-gw.claro.com.br/resource-inventory/v1/device-management
1 &gt; Accept-Encoding: gzip,deflate
1 &gt; Authorization: Bearer 8258a6f3366821e6
1 &gt; Connection: Keep-Alive
1 &gt; Content-Length: 64
1 &gt; Content-Type: application/json; charset=UTF-8
1 &gt; Host: qa-gw.claro.com.br
1 &gt; User-Agent: Apache-HttpClient/4.5.5 (Java/11.0.2)
1 &gt; X-Application-Key: 2251d8c0a94601364c54000d3ac06d76
1 &gt; document: 36512468848
{&quot;deviceId&quot;:&quot;MDA6MDU6MTY6NTk6ZjE6NjM%3D&quot;,&quot;deviceName&quot;:&quot;Windows&quot;}

12:41:54.136 [ForkJoinPool-1-worker-3] DEBUG com.intuit.karate - response time in milliseconds: 950,59
1 &lt; 405
1 &lt; Access-Control-Allow-Origin: *
1 &lt; Content-Type: application/json;charset=utf-8
1 &lt; Server: ECD (spb/E4A2)
1 &lt; Transfer-Encoding: chunked
1 &lt; X-Policy: 200205-02
1 &lt; allow: PATCH, GET
1 &lt; cache-control: no-store, max-age=0
1 &lt; date: Mon, 10 Feb 2020 14:41:54 GMT
1 &lt; strict-transport-security: max-age=63072000; includeSubDomains
1 &lt; vary: accept-encoding
1 &lt; x-content-type-options: nosniff
1 &lt; x-download-options: noopen
1 &lt; x-frame-options: DENY
1 &lt; x-request-id: 5cbe5ba98df16889c251eb345c44a8097b50948fc87bfd0d233a0d3a49a1589c
1 &lt; x-xss-protection: 1; mode=block
{&quot;statusCode&quot;:&quot;405&quot;,&quot;status&quot;:&quot;Method Not Allowed&quot;,&quot;description&quot;:&quot;Request method &apos;PUT&apos; not supported&quot;}

12:41:54.139 [ForkJoinPool-1-worker-3] ERROR com.intuit.karate - status code was: 405, expected: 204, response time: 951, url: https://qa-gw.claro.com.br/resource-inventory/v1/device-management, response: {&quot;statusCode&quot;:&quot;405&quot;,&quot;status&quot;:&quot;Method Not Allowed&quot;,&quot;description&quot;:&quot;Request method &apos;PUT&apos; not supported&quot;}
12:41:54.386 [pool-1-thread-1] INFO  com.intuit.karate.Runner - &lt;&lt;fail&gt;&gt; feature 1 of 4: classpath:claroApp/inventory/putdevice.feature
---------------------------------------------------------
feature: classpath:claroApp/inventory/putdevice.feature
report: target/surefire-reports/claroApp.inventory.putdevice.json
scenarios:  1 | passed:  0 | failed:  1 | time: 8,4678
---------------------------------------------------------
Karate version: 0.9.2
======================================================
elapsed:   9,39 | threads:    5 | thread time: 8,47 
features:     1 | ignored:    3 | efficiency: 0,18
scenarios:    1 | passed:     0 | failed: 1
======================================================
failed features:
claroApp.inventory.putdevice: putdevice.feature:26 - status code was: 405, expected: 204, response time: 951, url: https://qa-gw.claro.com.br/resource-inventory/v1/device-management, response: {&quot;statusCode&quot;:&quot;405&quot;,&quot;status&quot;:&quot;Method Not Allowed&quot;,&quot;description&quot;:&quot;Request method &apos;PUT&apos; not supported&quot;}

</system-out>
    <system-err>Warning: Nashorn engine is planned to be removed from a future JDK release
Feb 10, 2020 12:41:55 PM net.masterthought.cucumber.ReportParser parseJsonFiles
INFO: File &apos;/home/kaio.azevedo/Claro/claro-app-automation-test-api/target/surefire-reports/claroApp.inventory.devicemanagement.json&apos; contains 1 features
Feb 10, 2020 12:41:55 PM net.masterthought.cucumber.ReportParser parseJsonFiles
INFO: File &apos;/home/kaio.azevedo/Claro/claro-app-automation-test-api/target/surefire-reports/claroApp.inventory.deletedevice.json&apos; contains 1 features
Feb 10, 2020 12:41:55 PM net.masterthought.cucumber.ReportParser parseJsonFiles
INFO: File &apos;/home/kaio.azevedo/Claro/claro-app-automation-test-api/target/surefire-reports/claroApp.authentication.signin.json&apos; contains 1 features
Feb 10, 2020 12:41:55 PM net.masterthought.cucumber.ReportParser parseJsonFiles
INFO: File &apos;/home/kaio.azevedo/Claro/claro-app-automation-test-api/target/surefire-reports/backend.security.security.json&apos; contains 1 features
Feb 10, 2020 12:41:55 PM net.masterthought.cucumber.ReportParser parseJsonFiles
INFO: File &apos;/home/kaio.azevedo/Claro/claro-app-automation-test-api/target/surefire-reports/claroApp.inventory.putdevice.json&apos; contains 1 features
Feb 10, 2020 12:41:55 PM net.masterthought.cucumber.ReportParser parseJsonFiles
INFO: File &apos;/home/kaio.azevedo/Claro/claro-app-automation-test-api/target/surefire-reports/claroApp.utils.fuzz.json&apos; contains 1 features
Feb 10, 2020 12:41:55 PM net.masterthought.cucumber.ReportParser parseJsonFiles
INFO: File &apos;/home/kaio.azevedo/Claro/claro-app-automation-test-api/target/surefire-reports/claroApp.inventory.getdevice.json&apos; contains 1 features
</system-err>
  </testcase>
</testsuite>